
> web@0.1.0 dev
> next dev --port 3000

⚠ Warning: Next.js inferred your workspace root, but it may not be correct.
 We detected multiple lockfiles and selected the directory of /Users/wei/Documents/Workspace/Learning-Space/package-lock.json as the root directory.
 To silence this warning, set `turbopack.root` in your Next.js config, or consider removing one of the lockfiles if it's not needed.
   See https://nextjs.org/docs/app/api-reference/config/next-config-js/turbopack#root-directory for more information.
 Detected additional lockfiles: 
   * /Users/wei/Documents/Workspace/Learning-Space/apps/web/package-lock.json

▲ Next.js 16.1.6 (Turbopack)
- Local:         http://localhost:3000
- Network:       http://192.168.68.57:3000
- Environments: .env.local

✓ Starting...
✓ Ready in 283ms
 GET / 307 in 171ms (compile: 117ms, render: 54ms)
 GET /login 200 in 57ms (compile: 24ms, render: 33ms)
 GET /dashboard 200 in 63ms (compile: 18ms, render: 45ms)
 GET /resources 200 in 59ms (compile: 25ms, render: 34ms)
 GET /resources/5 200 in 232ms (compile: 207ms, render: 25ms)
 GET /settings 200 in 35ms (compile: 14ms, render: 21ms)
[?25h
